TN:
SF:src/client/index.js
FN:10,_interopRequireDefault
FNF:1
FNH:0
FNDA:0,_interopRequireDefault
DA:1,0
DA:2,0
DA:3,0
DA:4,0
DA:5,0
DA:6,0
DA:7,0
DA:8,0
DA:9,0
DA:10,0
DA:12,0
DA:14,0
DA:20,0
DA:26,0
LF:14
LH:0
BRDA:10,0,0,0
BRDA:10,0,1,0
BRF:2
BRH:0
end_of_record
TN:
SF:src/client/actions/alert.js
FN:3,alert
FNF:1
FNH:1
FNDA:1,alert
DA:1,1
DA:3,1
DA:4,1
LF:3
LH:3
BRF:0
BRH:0
end_of_record
TN:
SF:src/client/actions/server.js
FN:1,ping
FNF:1
FNH:0
FNDA:0,ping
DA:1,1
DA:2,0
LF:2
LH:1
BRF:0
BRH:0
end_of_record
TN:
SF:src/client/components/test.js
FN:1,_interopRequireDefault
FN:3,Tetris
FN:9,Board
FNF:3
FNH:2
FNDA:1,_interopRequireDefault
FNDA:1,Tetris
FNDA:0,Board
DA:1,1
DA:3,1
DA:4,1
DA:9,1
DA:10,0
LF:5
LH:4
BRDA:1,0,0,1
BRDA:1,0,1,2
BRF:2
BRH:2
end_of_record
TN:
SF:src/client/containers/app.js
FN:2,_interopRequireDefault
FN:5,App
FN:11,mapStateToProps
FNF:3
FNH:0
FNDA:0,_interopRequireDefault
FNDA:0,App
FNDA:0,mapStateToProps
DA:1,0
DA:2,0
DA:5,0
DA:6,0
DA:11,0
DA:12,0
DA:15,0
LF:7
LH:0
BRDA:2,0,0,0
BRDA:2,0,1,0
BRF:2
BRH:0
end_of_record
TN:
SF:src/client/middleware/storeStateMiddleWare.js
FN:1,storeStateMiddleWare
FN:2,(anonymous_1)
FN:2,(anonymous_2)
FNF:3
FNH:0
FNDA:0,storeStateMiddleWare
FNDA:0,(anonymous_1)
FNDA:0,(anonymous_2)
DA:1,0
DA:2,0
DA:3,0
DA:4,0
DA:5,0
LF:5
LH:0
BRF:0
BRH:0
end_of_record
TN:
SF:src/client/reducers/alert.js
FN:3,reducer
FNF:1
FNH:1
FNDA:2,reducer
DA:1,1
DA:3,2
DA:4,2
DA:6,1
DA:8,1
DA:10,1
LF:6
LH:6
BRDA:3,0,0,2
BRDA:3,0,1,0
BRDA:3,1,0,2
BRDA:3,1,1,2
BRDA:3,2,0,2
BRDA:3,2,1,0
BRDA:4,3,0,1
BRDA:4,3,1,1
BRF:8
BRH:6
end_of_record
TN:
SF:src/client/reducers/index.js
FN:1,_interopRequireDefault
FNF:1
FNH:1
FNDA:1,_interopRequireDefault
DA:1,1
LF:1
LH:1
BRDA:1,0,0,2
BRDA:1,0,1,1
BRF:2
BRH:2
end_of_record
TN:
SF:src/server/index.js
FN:2,_interopRequireDefault
FN:7,initApp
FN:9,handler
FN:11,(anonymous_3)
FN:24,(anonymous_4)
FN:30,initEngine
FN:31,(anonymous_6)
FN:33,(anonymous_7)
FN:41,create
FN:42,(anonymous_9)
FN:44,(anonymous_10)
FN:46,stop
FN:48,(anonymous_12)
FNF:13
FNH:1
FNDA:2,_interopRequireDefault
FNDA:0,initApp
FNDA:0,handler
FNDA:0,(anonymous_3)
FNDA:0,(anonymous_4)
FNDA:0,initEngine
FNDA:0,(anonymous_6)
FNDA:0,(anonymous_7)
FNDA:0,create
FNDA:0,(anonymous_9)
FNDA:0,(anonymous_10)
FNDA:0,stop
FNDA:0,(anonymous_12)
DA:1,1
DA:2,2
DA:4,1
DA:5,1
DA:7,1
DA:8,0
DA:9,0
DA:10,0
DA:11,0
DA:12,0
DA:13,0
DA:14,0
DA:15,0
DA:17,0
DA:18,0
DA:22,0
DA:24,0
DA:25,0
DA:26,0
DA:30,1
DA:31,0
DA:32,0
DA:33,0
DA:34,0
DA:35,0
DA:42,0
DA:43,0
DA:44,0
DA:45,0
DA:46,0
DA:47,0
DA:48,0
DA:49,0
DA:51,0
DA:52,0
DA:55,0
DA:56,0
DA:59,0
LF:38
LH:6
BRDA:2,0,0,2
BRDA:2,0,1,4
BRDA:10,1,0,0
BRDA:10,1,1,0
BRDA:12,2,0,0
BRDA:34,3,0,0
BRF:6
BRH:2
end_of_record
TN:
SF:src/server/main.js
FN:2,_interopRequireWildcard
FN:3,(anonymous_6)
FNF:2
FNH:0
FNDA:0,_interopRequireWildcard
FNDA:0,(anonymous_6)
DA:1,0
DA:2,0
DA:3,0
LF:3
LH:0
BRDA:2,0,0,0
BRDA:2,1,0,0
BRDA:2,1,1,0
BRDA:2,1,2,0
BRDA:2,2,0,0
BRDA:2,2,1,0
BRF:6
BRH:0
end_of_record
